
=== Mon Oct 21 21:04:45 2019

Packages were changed.
Update Mode: mergeDefaultDependencies

The following packages were added:
  com.unity.package-manager-ui@2.2.0
  com.unity.ext.nunit@1.0.0
  com.unity.test-framework@1.0.13
  com.unity.ide.vscode@1.0.7
  com.unity.ide.rider@1.0.8
  com.unity.ugui@1.0.0
  com.unity.modules.androidjni@1.0.0
The following packages were updated:
  com.unity.collab-proxy from version 1.2.9 to 1.2.16
  com.unity.textmeshpro from version 2.0.0 to 2.0.1
  com.unity.timeline from version 0.0.0-builtin to 1.1.0

=== Mon Nov  4 21:29:13 2019

Packages were changed.
Update Mode: updateDependencies

The following packages were updated:
  com.unity.ide.rider from version 1.0.8 to 1.1.0
  com.unity.ide.vscode from version 1.0.7 to 1.1.2

=== Tue Dec 17 17:27:01 2019

Packages were changed.
Update Mode: mergeDefaultDependencies

The following packages were added:
  com.unity.2d.tilemap@1.0.0
  com.unity.ads@2.0.8
  com.unity.analytics@3.3.2
  com.unity.multiplayer-hlapi@1.0.4
  com.unity.postprocessing@2.1.6
  com.unity.purchasing@2.0.6
  com.unity.xr.legacyinputhelpers@2.0.2

=== Thu Dec 19 19:06:57 2019

Packages were changed.
Update Mode: mergeDefaultDependencies

The following packages were added:
  com.unity.cinemachine@2.3.4
  com.unity.ide.visualstudio@1.0.11
  com.unity.probuilder@4.0.5
  com.unity.render-pipelines.lightweight@6.9.0
The following packages were updated:
  com.unity.postprocessing from version 2.1.6 to 2.1.7

=== Thu Dec 19 19:18:02 2019

Packages were changed.
Update Mode: resetToDefaultDependencies

The following packages were removed:
  com.unity.2d.sprite@1.0.0
  com.unity.2d.tilemap@1.0.0
  com.unity.ads@2.0.8
  com.unity.analytics@3.3.4
  com.unity.cinemachine@2.3.4
  com.unity.ide.visualstudio@1.0.11
  com.unity.multiplayer-hlapi@1.0.4
  com.unity.postprocessing@2.1.7
  com.unity.probuilder@4.0.5
  com.unity.purchasing@2.0.6
  com.unity.render-pipelines.lightweight@6.9.0
  com.unity.terrain-tools@2.0.2-preview
  com.unity.xr.legacyinputhelpers@2.0.2

=== Wed Feb 26 13:47:57 2020

Packages were changed.
Update Mode: updateDependencies

The following packages were updated:
  com.unity.ide.rider from version 1.1.0 to 1.1.4
  com.unity.ide.vscode from version 1.1.2 to 1.1.4
  com.unity.test-framework from version 1.0.13 to 1.1.11
  com.unity.timeline from version 1.1.0 to 1.2.10
The following packages were removed:
  com.unity.package-manager-ui@2.2.0
